1715353443.769954 client started (3146060): version 2.6, socket /tmp/tmux-1000/default, protocol 8
1715353443.770000 on Linux 5.4.0-155-generic #172-Ubuntu SMP Fri Jul 7 16:10:02 UTC 2023; libevent 2.1.8-stable (poll)
1715353443.770024 socket is /tmp/tmux-1000/default
1715353443.770048 trying connect
1715353443.770103 connect failed: Connection refused
1715353443.770799 lock file is /tmp/tmux-1000/default.lock
1715353443.770855 flock succeeded
1715353443.770859 got lock (6)
1715353443.770864 trying connect
1715353443.770871 connect failed: Connection refused
1715353443.771059 add peer 0x564c020a1340: 7 ((nil))
1715353443.771138 sending message 100 to peer 0x564c020a1340 (4 bytes)
1715353443.771144 sending message 101 to peer 0x564c020a1340 (15 bytes)
1715353443.771147 sending message 102 to peer 0x564c020a1340 (12 bytes)
1715353443.771150 sending message 108 to peer 0x564c020a1340 (40 bytes)
1715353443.771154 sending message 104 to peer 0x564c020a1340 (0 bytes)
1715353443.771157 sending message 107 to peer 0x564c020a1340 (4 bytes)
1715353443.771160 sending message 105 to peer 0x564c020a1340 (14 bytes)
1715353443.771164 sending message 105 to peer 0x564c020a1340 (1516 bytes)
1715353443.771174 sending message 105 to peer 0x564c020a1340 (43 bytes)
1715353443.771177 sending message 105 to peer 0x564c020a1340 (50 bytes)
1715353443.771180 sending message 105 to peer 0x564c020a1340 (34 bytes)
1715353443.771183 sending message 105 to peer 0x564c020a1340 (13 bytes)
1715353443.771186 sending message 105 to peer 0x564c020a1340 (20 bytes)
1715353443.771189 sending message 105 to peer 0x564c020a1340 (52 bytes)
1715353443.771192 sending message 105 to peer 0x564c020a1340 (31 bytes)
1715353443.771195 sending message 105 to peer 0x564c020a1340 (7 bytes)
1715353443.771198 sending message 105 to peer 0x564c020a1340 (12 bytes)
1715353443.771201 sending message 105 to peer 0x564c020a1340 (38 bytes)
1715353443.771204 sending message 105 to peer 0x564c020a1340 (44 bytes)
1715353443.771207 sending message 105 to peer 0x564c020a1340 (18 bytes)
1715353443.771210 sending message 105 to peer 0x564c020a1340 (51 bytes)
1715353443.771213 sending message 105 to peer 0x564c020a1340 (126 bytes)
1715353443.771216 sending message 105 to peer 0x564c020a1340 (124 bytes)
1715353443.771219 sending message 105 to peer 0x564c020a1340 (20 bytes)
1715353443.771223 sending message 105 to peer 0x564c020a1340 (35 bytes)
1715353443.771226 sending message 105 to peer 0x564c020a1340 (28 bytes)
1715353443.771228 sending message 105 to peer 0x564c020a1340 (31 bytes)
1715353443.771232 sending message 105 to peer 0x564c020a1340 (53 bytes)
1715353443.771235 sending message 105 to peer 0x564c020a1340 (11 bytes)
1715353443.771238 sending message 105 to peer 0x564c020a1340 (78 bytes)
1715353443.771241 sending message 105 to peer 0x564c020a1340 (36 bytes)
1715353443.771243 sending message 105 to peer 0x564c020a1340 (22 bytes)
1715353443.771246 sending message 105 to peer 0x564c020a1340 (155 bytes)
1715353443.771249 sending message 105 to peer 0x564c020a1340 (20 bytes)
1715353443.771252 sending message 105 to peer 0x564c020a1340 (16 bytes)
1715353443.771256 sending message 105 to peer 0x564c020a1340 (34 bytes)
1715353443.771259 sending message 105 to peer 0x564c020a1340 (8 bytes)
1715353443.771264 sending message 105 to peer 0x564c020a1340 (27 bytes)
1715353443.771267 sending message 105 to peer 0x564c020a1340 (54 bytes)
1715353443.771270 sending message 105 to peer 0x564c020a1340 (32 bytes)
1715353443.771272 sending message 105 to peer 0x564c020a1340 (15 bytes)
1715353443.771275 sending message 105 to peer 0x564c020a1340 (138 bytes)
1715353443.771279 sending message 105 to peer 0x564c020a1340 (943 bytes)
1715353443.772005 sending message 105 to peer 0x564c020a1340 (168 bytes)
1715353443.772009 sending message 105 to peer 0x564c020a1340 (29 bytes)
1715353443.772013 sending message 105 to peer 0x564c020a1340 (32 bytes)
1715353443.772030 sending message 105 to peer 0x564c020a1340 (16 bytes)
1715353443.772033 sending message 105 to peer 0x564c020a1340 (16 bytes)
1715353443.772036 sending message 106 to peer 0x564c020a1340 (0 bytes)
1715353443.772050 sending message 200 to peer 0x564c020a1340 (4 bytes)
1715353443.772054 client loop enter
1715353443.894451 peer 0x564c020a1340 message 207
1715353443.894465 sending message 208 to peer 0x564c020a1340 (0 bytes)
1715353475.477069 peer 0x564c020a1340 message 203
1715353475.477086 sending message 205 to peer 0x564c020a1340 (0 bytes)
1715353475.478102 peer 0x564c020a1340 message 204
1715353475.478107 client loop exit
